<?xml version="1.0" encoding="UTF-8"?>
<!-- Generated by org.testng.reporters.JUnitXMLReporter -->
<testsuite ignored="0" hostname="Parthiban" failures="0" tests="4" name="GoRestTest" time="4.601" errors="0" timestamp="2023-02-27T18:05:12 IST">
  <testcase classname="api.test.UserTests2" name="testCreateUser" time="2.383"/>
  <testcase classname="api.test.UserTests2" name="testGetUser" time="0.375"/>
  <testcase classname="api.test.UserTests2" name="testUpdateUser" time="0.368"/>
  <testcase classname="api.test.UserTests2" name="testDeleteUser" time="0.392"/>
</testsuite> <!-- GoRestTest -->
