<?xml version="1.0" encoding="UTF-8"?>
<!-- Generated by org.testng.reporters.JUnitXMLReporter -->
<testsuite ignored="0" hostname="Parthiban" failures="0" tests="5" name="GoRestTest" time="6.681" errors="0" timestamp="2023-02-28T17:48:33 IST">
  <testcase classname="api.test.UserTests3" name="testCreateUser" time="3.826"/>
  <testcase classname="api.test.UserTests3" name="testGetUser" time="0.42"/>
  <testcase classname="api.test.UserTests3" name="testPostCommentsByUser" time="0.36"/>
  <testcase classname="api.test.UserTests3" name="testGetPostedCommentsByUser" time="0.319"/>
  <testcase classname="api.test.UserTests3" name="testGetAllUser" time="0.36"/>
</testsuite> <!-- GoRestTest -->
