<?xml version="1.0" encoding="UTF-8"?>
<!-- Generated by org.testng.reporters.JUnitXMLReporter -->
<testsuite ignored="0" hostname="Parthiban" failures="0" tests="4" name="GoRestTest" time="4.391" errors="0" timestamp="2023-02-27T18:14:21 IST">
  <testcase classname="api.test.UserTests2" name="testCreateUser" time="2.178"/>
  <testcase classname="api.test.UserTests2" name="testGetUser" time="0.406"/>
  <testcase classname="api.test.UserTests2" name="testUpdateUser" time="0.476"/>
  <testcase classname="api.test.UserTests2" name="testDeleteUser" time="0.467"/>
</testsuite> <!-- GoRestTest -->
