<?xml version="1.0" encoding="UTF-8"?>
<!-- Generated by org.testng.reporters.JUnitXMLReporter -->
<testsuite ignored="0" hostname="Parthiban" failures="0" tests="4" name="Default test" time="4.747" errors="0" timestamp="2023-02-28T17:33:51 IST">
  <testcase classname="api.test.UserTests3" name="testCreateUser" time="2.66"/>
  <testcase classname="api.test.UserTests3" name="testGetUser" time="0.353"/>
  <testcase classname="api.test.UserTests3" name="testPostCommentsByUser" time="0.35"/>
  <testcase classname="api.test.UserTests3" name="testGetPostedCommentsByUser" time="0.302"/>
</testsuite> <!-- Default test -->
