<?xml version="1.0" encoding="UTF-8"?>
<!-- Generated by org.testng.reporters.JUnitXMLReporter -->
<testsuite ignored="0" hostname="Parthiban" failures="0" tests="4" name="Default test" time="4.984" errors="0" timestamp="2023-02-27T18:02:52 IST">
  <testcase classname="api.test.UserTests2" name="testCreateUser" time="2.74"/>
  <testcase classname="api.test.UserTests2" name="testGetUser" time="0.485"/>
  <testcase classname="api.test.UserTests2" name="testUpdateUser" time="0.438"/>
  <testcase classname="api.test.UserTests2" name="testDeleteUser" time="0.433"/>
</testsuite> <!-- Default test -->
