<?xml version="1.0" encoding="UTF-8"?>
<testsuite xmlns:xsi="http://www.w3.org/2001/XMLSchema-instance" xsi:noNamespaceSchemaLocation="https://maven.apache.org/surefire/maven-surefire-plugin/xsd/surefire-test-report-3.0.xsd" version="3.0" name="TestSuite" time="5.372" tests="4" errors="0" skipped="0" failures="0">
  <properties>
[...]
</properties>
  <testcase name="testCreateUser" classname="api.test.UserTests2" time="2.192">
    <system-out><![CDATA[HTTP/1.1 201 Created
Date: Mon, 27 Feb 2023 12:44:19 GMT
Content-Type: application/json; charset=utf-8
Transfer-Encoding: chunked
Connection: keep-alive
Cache-Control: max-age=0, private, must-revalidate
etag: W/"4b2578ac4a8918f9a7eb02e088660789"
location: https://gorest.co.in/public/v2/users/671501
referrer-policy: strict-origin-when-cross-origin
vary: Origin
x-content-type-options: nosniff
x-download-options: noopen
x-frame-options: SAMEORIGIN
x-permitted-cross-domain-policies: none
x-ratelimit-limit: 90
x-ratelimit-remaining: 86
x-ratelimit-reset: 1
x-request-id: 8a387b40-fbfc-42ff-81d6-df4c84d5d2e0
x-runtime: 0.078572
x-xss-protection: 0
CF-Cache-Status: DYNAMIC
Report-To: {"endpoints":[{"url":"https:\/\/a.nel.cloudflare.com\/report\/v3?s=slYu%2BJHN8iVTVjoG868BKQFTKu72KCVpQGeYDXPoIV5%2FOO%2FfWrA9Grun2ETBXDt3FJhZ2JegADYS96R2PPitLb1cYSrli24jy32PAoLZm7LM6h9khZ9GulGyatQHuRE%3D"}],"group":"cf-nel","max_age":604800}
NEL: {"success_fraction":0,"report_to":"cf-nel","max_age":604800}
Server: cloudflare
CF-RAY: 7a0102dee9333228-BOM
alt-svc: h3=":443"; ma=86400, h3-29=":443"; ma=86400

{
    "id": 671501,
    "name": "Luigi Romaguera",
    "email": "robin.dach@example.com",
    "gender": "male",
    "status": "active"
}
]]></system-out>
    <system-err><![CDATA[SLF4J: Failed to load class "org.slf4j.impl.StaticLoggerBinder".
SLF4J: Defaulting to no-operation (NOP) logger implementation
SLF4J: See http://www.slf4j.org/codes.html#StaticLoggerBinder for further details.
]]></system-err>
  </testcase>
  <testcase name="testGetUser" classname="api.test.UserTests2" time="0.409">
    <system-out><![CDATA[HTTP/1.1 200 OK
Date: Mon, 27 Feb 2023 12:44:20 GMT
Content-Type: application/json; charset=utf-8
Transfer-Encoding: chunked
Connection: keep-alive
Cache-Control: max-age=0, private, must-revalidate
etag: W/"4b2578ac4a8918f9a7eb02e088660789"
referrer-policy: strict-origin-when-cross-origin
vary: Origin
x-content-type-options: nosniff
x-download-options: noopen
x-frame-options: SAMEORIGIN
x-permitted-cross-domain-policies: none
x-ratelimit-limit: 90
x-ratelimit-remaining: 89
x-ratelimit-reset: 2
x-request-id: 219875e5-a8cf-4ed2-a2fd-50b90d007fc0
x-runtime: 0.066547
x-xss-protection: 0
CF-Cache-Status: DYNAMIC
Report-To: {"endpoints":[{"url":"https:\/\/a.nel.cloudflare.com\/report\/v3?s=uQqidy7euILbGH%2FZSlaDFen9vbsr3OsqeayEU7Xrsmf%2FUvrFf9%2BGcqjGdqOhGhDqDI4wTEHFmg50FdLgjM9zP%2B%2FqBfh16uCS3U9ImtMAAxhSnlmQk6zbACObc5L9VUo%3D"}],"group":"cf-nel","max_age":604800}
NEL: {"success_fraction":0,"report_to":"cf-nel","max_age":604800}
Server: cloudflare
CF-RAY: 7a0102e1fec829ea-BOM
Content-Encoding: gzip
alt-svc: h3=":443"; ma=86400, h3-29=":443"; ma=86400

{
    "id": 671501,
    "name": "Luigi Romaguera",
    "email": "robin.dach@example.com",
    "gender": "male",
    "status": "active"
}
]]></system-out>
  </testcase>
  <testcase name="testUpdateUser" classname="api.test.UserTests2" time="0.475">
    <system-out><![CDATA[HTTP/1.1 200 OK
Date: Mon, 27 Feb 2023 12:44:20 GMT
Content-Type: application/json; charset=utf-8
Transfer-Encoding: chunked
Connection: keep-alive
Cache-Control: max-age=0, private, must-revalidate
etag: W/"1726fb3ec2a07434135d1900a50b89d8"
referrer-policy: strict-origin-when-cross-origin
vary: Origin
x-content-type-options: nosniff
x-download-options: noopen
x-frame-options: SAMEORIGIN
x-permitted-cross-domain-policies: none
x-ratelimit-limit: 90
x-ratelimit-remaining: 88
x-ratelimit-reset: 2
x-request-id: 5374026c-cc7c-4421-8034-394218f5a433
x-runtime: 0.122445
x-xss-protection: 0
CF-Cache-Status: DYNAMIC
Report-To: {"endpoints":[{"url":"https:\/\/a.nel.cloudflare.com\/report\/v3?s=prhEu7NuH4EYXfKxUhZPUHE0mI%2Fdn%2FcC8s7UlyTyomGsocOT2mo%2FqG%2FLkNFho0zuFCikbIisYeiuzf9MQNr7EQOZj1TJvle5EvNBN6oWtGDVWLodQI1EMW025d4lsyM%3D"}],"group":"cf-nel","max_age":604800}
NEL: {"success_fraction":0,"report_to":"cf-nel","max_age":604800}
Server: cloudflare
CF-RAY: 7a0102e48df184d1-BOM
Content-Encoding: gzip
alt-svc: h3=":443"; ma=86400, h3-29=":443"; ma=86400

{
    "email": "lauran.gaylord@example.com",
    "name": "Damien Nader",
    "gender": "female",
    "status": "inactive",
    "id": 671501
}
]]></system-out>
  </testcase>
  <testcase name="testDeleteUser" classname="api.test.UserTests2" time="0.466">
    <system-out><![CDATA[HTTP/1.1 204 No Content
Date: Mon, 27 Feb 2023 12:44:21 GMT
Connection: keep-alive
Cache-Control: no-cache
referrer-policy: strict-origin-when-cross-origin
vary: Origin
x-content-type-options: nosniff
x-download-options: noopen
x-frame-options: SAMEORIGIN
x-permitted-cross-domain-policies: none
x-ratelimit-limit: 90
x-ratelimit-remaining: 87
x-ratelimit-reset: 3
x-request-id: c888ee50-53f7-46ba-9b3a-5bf0f77aa398
x-runtime: 0.156110
x-xss-protection: 0
CF-Cache-Status: DYNAMIC
Report-To: {"endpoints":[{"url":"https:\/\/a.nel.cloudflare.com\/report\/v3?s=wwUoamF%2BTJrDJb8emYD64tkZhvYfFR4PcjQ%2B0mIEmCgSD27Q7SywEtjdP%2FJ0DQayjmnXdKxUd5eJtM4UWhzp6t2cQizsJyZj6%2BJTIM8%2FiBVgzNgPw%2Fb5Vf7KFyNQbqI%3D"}],"group":"cf-nel","max_age":604800}
NEL: {"success_fraction":0,"report_to":"cf-nel","max_age":604800}
Server: cloudflare
CF-RAY: 7a0102e75f688549-BOM
alt-svc: h3=":443"; ma=86400, h3-29=":443"; ma=86400
]]></system-out>
  </testcase>
</testsuite>