<?xml version="1.0" encoding="UTF-8"?>
<testsuite xmlns:xsi="http://www.w3.org/2001/XMLSchema-instance" xsi:noNamespaceSchemaLocation="https://maven.apache.org/surefire/maven-surefire-plugin/xsd/surefire-test-report-3.0.xsd" version="3.0" name="TestSuite" time="8.252" tests="5" errors="0" skipped="0" failures="0">
  <properties>
[...]
</properties>
  <testcase name="testCreateUser" classname="api.test.UserTests3" time="3.84">
    <system-out><![CDATA[HTTP/1.1 201 Created
Date: Tue, 28 Feb 2023 12:18:33 GMT
Content-Type: application/json; charset=utf-8
Transfer-Encoding: chunked
Connection: keep-alive
Cache-Control: max-age=0, private, must-revalidate
etag: W/"9daa087a8b7ff04eba2bd815e39e6ab0"
location: https://gorest.co.in/public/v2/users/694762
referrer-policy: strict-origin-when-cross-origin
vary: Origin
x-content-type-options: nosniff
x-download-options: noopen
x-frame-options: SAMEORIGIN
x-permitted-cross-domain-policies: none
x-ratelimit-limit: 90
x-ratelimit-remaining: 85
x-ratelimit-reset: 1
x-request-id: 7f960688-ea67-424e-8e41-b466245eea48
x-runtime: 0.079233
x-xss-protection: 0
CF-Cache-Status: DYNAMIC
Report-To: {"endpoints":[{"url":"https:\/\/a.nel.cloudflare.com\/report\/v3?s=AYE9H9xBVPG5VI4sA7ySrWBJTmtQxpLhpkOVi9pGvPK%2FPR9t7P%2BQvOvYrcfs8yP3QBnFiJGanBnQlCMDj%2Bfn8la8WZoNnFpx1pzMB%2FgG2RBqnidgJyo3NbuYFgHx%2FaA%3D"}],"group":"cf-nel","max_age":604800}
NEL: {"success_fraction":0,"report_to":"cf-nel","max_age":604800}
Server: cloudflare
CF-RAY: 7a091a7be8428507-BOM
alt-svc: h3=":443"; ma=86400, h3-29=":443"; ma=86400

{
    "id": 694762,
    "name": "Anthony Beahan",
    "email": "stuart.goodwin@example.com",
    "gender": "male",
    "status": "active"
}
]]></system-out>
    <system-err><![CDATA[SLF4J: Failed to load class "org.slf4j.impl.StaticLoggerBinder".
SLF4J: Defaulting to no-operation (NOP) logger implementation
SLF4J: See http://www.slf4j.org/codes.html#StaticLoggerBinder for further details.
]]></system-err>
  </testcase>
  <testcase name="testGetUser" classname="api.test.UserTests3" time="0.449">
    <system-out><![CDATA[HTTP/1.1 200 OK
Date: Tue, 28 Feb 2023 12:18:33 GMT
Content-Type: application/json; charset=utf-8
Transfer-Encoding: chunked
Connection: keep-alive
Cache-Control: max-age=0, private, must-revalidate
etag: W/"9daa087a8b7ff04eba2bd815e39e6ab0"
referrer-policy: strict-origin-when-cross-origin
vary: Origin
x-content-type-options: nosniff
x-download-options: noopen
x-frame-options: SAMEORIGIN
x-permitted-cross-domain-policies: none
x-ratelimit-limit: 90
x-ratelimit-remaining: 89
x-ratelimit-reset: 2
x-request-id: ba767d2b-aa82-4516-8ed1-3af4110820d2
x-runtime: 0.055957
x-xss-protection: 0
CF-Cache-Status: DYNAMIC
Report-To: {"endpoints":[{"url":"https:\/\/a.nel.cloudflare.com\/report\/v3?s=8RcBLfd3XYhIW0rJHxSOg7umCJR54DN%2FFHt%2B5Xk%2FMY2AY6R2T5LJRdMWzlf9Wt53JxiGYysds3Ql%2Fi%2ByOMPEc2fHiHERfr5kc0wxwR5o0s72DeW7AEjy9%2BniGr%2Bm4VM%3D"}],"group":"cf-nel","max_age":604800}
NEL: {"success_fraction":0,"report_to":"cf-nel","max_age":604800}
Server: cloudflare
CF-RAY: 7a091a7e7ea61bdd-BOM
Content-Encoding: gzip
alt-svc: h3=":443"; ma=86400, h3-29=":443"; ma=86400

{
    "id": 694762,
    "name": "Anthony Beahan",
    "email": "stuart.goodwin@example.com",
    "gender": "male",
    "status": "active"
}
]]></system-out>
  </testcase>
  <testcase name="testPostCommentsByUser" classname="api.test.UserTests3" time="0.34">
    <system-out><![CDATA[HTTP/1.1 201 Created
Date: Tue, 28 Feb 2023 12:18:33 GMT
Content-Type: application/json; charset=utf-8
Transfer-Encoding: chunked
Connection: keep-alive
Cache-Control: max-age=0, private, must-revalidate
etag: W/"e971f11a5e3b4092080b73af25f0f637"
location: https://gorest.co.in/public/v2/posts/21831
referrer-policy: strict-origin-when-cross-origin
vary: Origin
x-content-type-options: nosniff
x-download-options: noopen
x-frame-options: SAMEORIGIN
x-permitted-cross-domain-policies: none
x-ratelimit-limit: 90
x-ratelimit-remaining: 88
x-ratelimit-reset: 2
x-request-id: 540116aa-9e61-4442-bb4d-3380ae5d12d5
x-runtime: 0.060397
x-xss-protection: 0
CF-Cache-Status: DYNAMIC
Report-To: {"endpoints":[{"url":"https:\/\/a.nel.cloudflare.com\/report\/v3?s=%2FxUo2tQppbIeFqB46KFoDlMGDIP4nnhXK%2FwNpMIq6XfkYG7zWtlce3yd6CSZdJu0ymq3t%2FO%2FMW9qGMCrsc0QmOVM9bJ8CvE%2FUA2SPuRfeqZ6Ybv02%2Bm%2BNECAiWqxUTk%3D"}],"group":"cf-nel","max_age":604800}
NEL: {"success_fraction":0,"report_to":"cf-nel","max_age":604800}
Server: cloudflare
CF-RAY: 7a091a813971f3f9-BOM
alt-svc: h3=":443"; ma=86400, h3-29=":443"; ma=86400

{
    "id": 21831,
    "user_id": 694762,
    "title": "Parthiban-Title6",
    "body": "Parthiban-Post Comments-Body6"
}
The User Posted Comments ID is: 21831
]]></system-out>
  </testcase>
  <testcase name="testGetPostedCommentsByUser" classname="api.test.UserTests3" time="0.319">
    <system-out><![CDATA[HTTP/1.1 200 OK
Date: Tue, 28 Feb 2023 12:18:34 GMT
Content-Type: application/json; charset=utf-8
Transfer-Encoding: chunked
Connection: keep-alive
Cache-Control: max-age=0, private, must-revalidate
etag: W/"150bc13e3023792a3062f0f6b4ac1613"
referrer-policy: strict-origin-when-cross-origin
vary: Origin
x-content-type-options: nosniff
x-download-options: noopen
x-frame-options: SAMEORIGIN
x-links-current: https://gorest.co.in/public/v2/posts?page=1
x-links-next: 
x-links-previous: 
x-pagination-limit: 10
x-pagination-page: 1
x-pagination-pages: 1
x-pagination-total: 1
x-permitted-cross-domain-policies: none
x-ratelimit-limit: 90
x-ratelimit-remaining: 87
x-ratelimit-reset: 3
x-request-id: 6486d4d3-7658-495a-b54a-d937018c9ce6
x-runtime: 0.053249
x-xss-protection: 0
CF-Cache-Status: DYNAMIC
Report-To: {"endpoints":[{"url":"https:\/\/a.nel.cloudflare.com\/report\/v3?s=t3dUeA1c%2FJ8FCQKOetAyMTYL7rOcv2G%2F4Frb9BV14rT1QB4gUDdEGQzQAUmR0tTGG8q1nYhJ9VJk%2Fyezwe51CNnPW9axTd0Pwd%2ByF36cRPsNT27Le6cugR6k%2Bx2ZFVo%3D"}],"group":"cf-nel","max_age":604800}
NEL: {"success_fraction":0,"report_to":"cf-nel","max_age":604800}
Server: cloudflare
CF-RAY: 7a091a83882385c0-BOM
Content-Encoding: gzip
alt-svc: h3=":443"; ma=86400, h3-29=":443"; ma=86400

[
    {
        "id": 21831,
        "user_id": 694762,
        "title": "Parthiban-Title6",
        "body": "Parthiban-Post Comments-Body6"
    }
]
]]></system-out>
  </testcase>
  <testcase name="testGetAllUser" classname="api.test.UserTests3" time="0.361">
    <system-out><![CDATA[HTTP/1.1 200 OK
Date: Tue, 28 Feb 2023 12:18:34 GMT
Content-Type: application/json; charset=utf-8
Transfer-Encoding: chunked
Connection: keep-alive
Cache-Control: max-age=0, private, must-revalidate
etag: W/"7a409cd5654d1012784d0fe9c42c7690"
referrer-policy: strict-origin-when-cross-origin
vary: Origin
x-content-type-options: nosniff
x-download-options: noopen
x-frame-options: SAMEORIGIN
x-links-current: https://gorest.co.in/public/v2/users?page=1
x-links-next: https://gorest.co.in/public/v2/users?page=2
x-links-previous: 
x-pagination-limit: 10
x-pagination-page: 1
x-pagination-pages: 253
x-pagination-total: 2530
x-permitted-cross-domain-policies: none
x-ratelimit-limit: 90
x-ratelimit-remaining: 86
x-ratelimit-reset: 4
x-request-id: cf005175-c79b-4fc3-a7d5-b71563667214
x-runtime: 0.056204
x-xss-protection: 0
CF-Cache-Status: DYNAMIC
Report-To: {"endpoints":[{"url":"https:\/\/a.nel.cloudflare.com\/report\/v3?s=pMvHAHqYQVk6SLOvVdXr2FTB1Q2ghB%2FSKIlvMgw%2BzE%2BEniMbgHQWL0Wb0vTBRh7INVoTEtIgjPybFCxFgKCUoPBRLeBIChv1lywnLz7mD%2BNNJskXgwaryOWRmGuyATg%3D"}],"group":"cf-nel","max_age":604800}
NEL: {"success_fraction":0,"report_to":"cf-nel","max_age":604800}
Server: cloudflare
CF-RAY: 7a091a856b34f56b-BOM
Content-Encoding: gzip
alt-svc: h3=":443"; ma=86400, h3-29=":443"; ma=86400

[
    {
        "id": 694762,
        "name": "Anthony Beahan",
        "email": "stuart.goodwin@example.com",
        "gender": "male",
        "status": "active"
    },
    {
        "id": 694751,
        "name": "Bernie Pfannerstill Jr.",
        "email": "ronny.gorczany@example.com",
        "gender": "male",
        "status": "active"
    },
    {
        "id": 694746,
        "name": "Mrs. Kareem Langworth",
        "email": "lincoln.gutmann@example.com",
        "gender": "male",
        "status": "active"
    },
    {
        "id": 694687,
        "name": "Miss Caroll Gutkowski",
        "email": "sidney.gerlach@example.com",
        "gender": "male",
        "status": "active"
    },
    {
        "id": 694673,
        "name": "Carroll Cassin",
        "email": "ed.pouros@example.com",
        "gender": "male",
        "status": "active"
    },
    {
        "id": 694657,
        "name": "Ruben Greenholt",
        "email": "shea.gusikowski@example.com",
        "gender": "male",
        "status": "active"
    },
    {
        "id": 694486,
        "name": "Sueann Corwin",
        "email": "reiko.bechtelar@example.com",
        "gender": "male",
        "status": "active"
    },
    {
        "id": 694421,
        "name": "Rupinder Agarwal",
        "email": "rupinder_agarwal@kerluke.net",
        "gender": "female",
        "status": "active"
    },
    {
        "id": 694419,
        "name": "Gopaal Dubashi",
        "email": "gopaal_dubashi@beatty-mante.com",
        "gender": "male",
        "status": "active"
    },
    {
        "id": 694418,
        "name": "Girika Adiga",
        "email": "girika_adiga@carroll-wehner.name",
        "gender": "male",
        "status": "inactive"
    },
    {
        "id": 694417,
        "name": "Shobhana Shukla",
        "email": "shukla_shobhana@bartoletti.co",
        "gender": "male",
        "status": "active"
    },
    {
        "id": 694416,
        "name": "Gatik Gupta",
        "email": "gupta_gatik@corwin.org",
        "gender": "female",
        "status": "inactive"
    },
    {
        "id": 694415,
        "name": "Kashyap Dubashi",
        "email": "kashyap_dubashi@wisoky.info",
        "gender": "female",
        "status": "active"
    },
    {
        "id": 694414,
        "name": "Vijay Naik",
        "email": "vijay_naik@luettgen-emard.org",
        "gender": "female",
        "status": "active"
    },
    {
        "id": 694413,
        "name": "Gov. Gurdev Gill",
        "email": "gov_gurdev_gill@mann-smitham.info",
        "gender": "male",
        "status": "active"
    },
    {
        "id": 694412,
        "name": "Esha Singh",
        "email": "singh_esha@stark-lesch.net",
        "gender": "female",
        "status": "active"
    },
    {
        "id": 694411,
        "name": "Geeta Agarwal Jr.",
        "email": "jr_agarwal_geeta@huel.com",
        "gender": "female",
        "status": "inactive"
    },
    {
        "id": 694410,
        "name": "Ajeet Bhattathiri",
        "email": "ajeet_bhattathiri@jacobs.net",
        "gender": "female",
        "status": "inactive"
    },
    {
        "id": 694409,
        "name": "Trilochan Arora",
        "email": "arora_trilochan@mraz-corkery.info",
        "gender": "female",
        "status": "inactive"
    },
    {
        "id": 694408,
        "name": "Balagopal Iyengar",
        "email": "iyengar_balagopal@rempel-frami.info",
        "gender": "female",
        "status": "inactive"
    }
]
]]></system-out>
  </testcase>
</testsuite>