<?xml version="1.0" encoding="UTF-8"?>
<testng-results ignored="0" total="4" passed="4" failed="0" skipped="0">
  <reporter-output>
  </reporter-output>
  <suite started-at="2023-02-27T18:05:07 IST" name="GoRestSuite" finished-at="2023-02-27T18:05:12 IST" duration-ms="4601">
    <groups>
    </groups>
    <test started-at="2023-02-27T18:05:07 IST" name="GoRestTest" finished-at="2023-02-27T18:05:12 IST" duration-ms="4601">
      <class name="api.test.UserTests2">
        <test-method is-config="true" signature="setup()[pri:0, instance:api.test.UserTests2@673fdbce]" started-at="2023-02-27T18:05:07 IST" name="setup" finished-at="2023-02-27T18:05:08 IST" duration-ms="715" status="PASS">
          <reporter-output>
          </reporter-output>
        </test-method> <!-- setup -->
        <test-method signature="testCreateUser()[pri:1, instance:api.test.UserTests2@673fdbce]" started-at="2023-02-27T18:05:08 IST" name="testCreateUser" finished-at="2023-02-27T18:05:11 IST" duration-ms="2383" status="PASS">
          <reporter-output>
          </reporter-output>
        </test-method> <!-- testCreateUser -->
        <test-method signature="testGetUser()[pri:2, instance:api.test.UserTests2@673fdbce]" started-at="2023-02-27T18:05:11 IST" name="testGetUser" finished-at="2023-02-27T18:05:11 IST" duration-ms="375" status="PASS">
          <reporter-output>
          </reporter-output>
        </test-method> <!-- testGetUser -->
        <test-method signature="testUpdateUser()[pri:3, instance:api.test.UserTests2@673fdbce]" started-at="2023-02-27T18:05:11 IST" name="testUpdateUser" finished-at="2023-02-27T18:05:11 IST" duration-ms="368" status="PASS">
          <reporter-output>
          </reporter-output>
        </test-method> <!-- testUpdateUser -->
        <test-method signature="testDeleteUser()[pri:4, instance:api.test.UserTests2@673fdbce]" started-at="2023-02-27T18:05:11 IST" name="testDeleteUser" finished-at="2023-02-27T18:05:12 IST" duration-ms="392" status="PASS">
          <reporter-output>
          </reporter-output>
        </test-method> <!-- testDeleteUser -->
      </class> <!-- api.test.UserTests2 -->
    </test> <!-- GoRestTest -->
  </suite> <!-- GoRestSuite -->
</testng-results>
