<?xml version="1.0" encoding="UTF-8"?>
<testng-results ignored="0" total="5" passed="5" failed="0" skipped="0">
  <reporter-output>
  </reporter-output>
  <suite started-at="2023-02-28T17:47:49 IST" name="GoRestSuite" finished-at="2023-02-28T17:47:55 IST" duration-ms="5336">
    <groups>
    </groups>
    <test started-at="2023-02-28T17:47:49 IST" name="GoRestTest" finished-at="2023-02-28T17:47:55 IST" duration-ms="5336">
      <class name="api.test.UserTests3">
        <test-method is-config="true" signature="setup()[pri:0, instance:api.test.UserTests3@710636b0]" started-at="2023-02-28T17:47:49 IST" name="setup" finished-at="2023-02-28T17:47:50 IST" duration-ms="866" status="PASS">
          <reporter-output>
          </reporter-output>
        </test-method> <!-- setup -->
        <test-method signature="testCreateUser()[pri:1, instance:api.test.UserTests3@710636b0]" started-at="2023-02-28T17:47:50 IST" name="testCreateUser" finished-at="2023-02-28T17:47:53 IST" duration-ms="2848" status="PASS">
          <reporter-output>
          </reporter-output>
        </test-method> <!-- testCreateUser -->
        <test-method signature="testGetUser()[pri:2, instance:api.test.UserTests3@710636b0]" started-at="2023-02-28T17:47:53 IST" name="testGetUser" finished-at="2023-02-28T17:47:54 IST" duration-ms="347" status="PASS">
          <reporter-output>
          </reporter-output>
        </test-method> <!-- testGetUser -->
        <test-method signature="testPostCommentsByUser()[pri:3, instance:api.test.UserTests3@710636b0]" started-at="2023-02-28T17:47:54 IST" name="testPostCommentsByUser" finished-at="2023-02-28T17:47:54 IST" duration-ms="328" status="PASS">
          <reporter-output>
          </reporter-output>
        </test-method> <!-- testPostCommentsByUser -->
        <test-method signature="testGetPostedCommentsByUser()[pri:4, instance:api.test.UserTests3@710636b0]" started-at="2023-02-28T17:47:54 IST" name="testGetPostedCommentsByUser" finished-at="2023-02-28T17:47:54 IST" duration-ms="338" status="PASS">
          <reporter-output>
          </reporter-output>
        </test-method> <!-- testGetPostedCommentsByUser -->
        <test-method signature="testGetAllUser()[pri:5, instance:api.test.UserTests3@710636b0]" started-at="2023-02-28T17:47:54 IST" name="testGetAllUser" finished-at="2023-02-28T17:47:55 IST" duration-ms="295" status="PASS">
          <reporter-output>
          </reporter-output>
        </test-method> <!-- testGetAllUser -->
      </class> <!-- api.test.UserTests3 -->
    </test> <!-- GoRestTest -->
  </suite> <!-- GoRestSuite -->
</testng-results>
